<?xml version="1.0" ?>
<FlowMonitor>
  <FlowStats>
    <Flow flowId="1" timeFirstTxPacket="+1e+09ns" timeFirstRxPacket="+1.02002e+09ns" timeLastTxPacket="+1.99998e+10ns" timeLastRxPacket="+1.99961e+10ns" delaySum="+2.38616e+12ns" jitterSum="+5.52372e+09ns" lastDelay="+2.0195e+07ns" maxDelay="+2.39415e+07ns" minDelay="+0ns" txBytes="66668884" rxBytes="66602332" txPackets="118180" rxPackets="118062" lostPackets="0" timesForwarded="236124">
      <delayHistogram nBins="24" >
        <bin index="20" start="0.02" width="0.001" count="117027" />
        <bin index="21" start="0.021" width="0.001" count="801" />
        <bin index="22" start="0.022" width="0.001" count="171" />
        <bin index="23" start="0.023" width="0.001" count="63" />
      </delayHistogram>
      <jitterHistogram nBins="4" >
        <bin index="0" start="0" width="0.001" count="118055" />
        <bin index="1" start="0.001" width="0.001" count="4" />
        <bin index="2" start="0.002" width="0.001" count="1" />
        <bin index="3" start="0.003" width="0.001" count="1" />
      </jitterHistogram>
      <packetSizeHistogram nBins="30" >
        <bin index="2" start="40" width="20" count="2" />
        <bin index="18" start="360" width="20" count="1" />
        <bin index="27" start="540" width="20" count="58684" />
        <bin index="29" start="580" width="20" count="59375" />
      </packetSizeHistogram>
      <flowInterruptionsHistogram nBins="0" >
      </flowInterruptionsHistogram>
    </Flow>
    <Flow flowId="2" timeFirstTxPacket="+1e+09ns" timeFirstRxPacket="+1.10002e+09ns" timeLastTxPacket="+1.98472e+10ns" timeLastRxPacket="+1.99474e+10ns" delaySum="+2.23789e+12ns" jitterSum="+1.19696e+09ns" lastDelay="+1.00248e+08ns" maxDelay="+1.06383e+08ns" minDelay="+0ns" txBytes="12594820" rxBytes="12594820" txPackets="22304" rxPackets="22304" lostPackets="0" timesForwarded="44608">
      <delayHistogram nBins="107" >
        <bin index="100" start="0.1" width="0.001" count="21040" />
        <bin index="101" start="0.101" width="0.001" count="1093" />
        <bin index="102" start="0.102" width="0.001" count="103" />
        <bin index="103" start="0.103" width="0.001" count="22" />
        <bin index="104" start="0.104" width="0.001" count="18" />
        <bin index="105" start="0.105" width="0.001" count="16" />
        <bin index="106" start="0.106" width="0.001" count="12" />
      </delayHistogram>
      <jitterHistogram nBins="7" >
        <bin index="0" start="0" width="0.001" count="22299" />
        <bin index="1" start="0.001" width="0.001" count="2" />
        <bin index="2" start="0.002" width="0.001" count="1" />
        <bin index="6" start="0.006" width="0.001" count="1" />
      </jitterHistogram>
      <packetSizeHistogram nBins="30" >
        <bin index="2" start="40" width="20" count="2" />
        <bin index="18" start="360" width="20" count="1" />
        <bin index="22" start="440" width="20" count="1" />
        <bin index="27" start="540" width="20" count="10802" />
        <bin index="29" start="580" width="20" count="11498" />
      </packetSizeHistogram>
      <flowInterruptionsHistogram nBins="0" >
      </flowInterruptionsHistogram>
    </Flow>
    <Flow flowId="3" timeFirstTxPacket="+1e+09ns" timeFirstRxPacket="+1.20002e+09ns" timeLastTxPacket="+1.9833e+10ns" timeLastRxPacket="+1.98169e+10ns" delaySum="+2.05198e+12ns" jitterSum="+5.68556e+08ns" lastDelay="+2.00268e+08ns" maxDelay="+2.03501e+08ns" minDelay="+0ns" txBytes="5918188" rxBytes="5790724" txPackets="10466" rxPackets="10240" lostPackets="0" timesForwarded="20480">
      <delayHistogram nBins="204" >
        <bin index="200" start="0.2" width="0.001" count="9423" />
        <bin index="201" start="0.201" width="0.001" count="691" />
        <bin index="202" start="0.202" width="0.001" count="85" />
        <bin index="203" start="0.203" width="0.001" count="41" />
      </delayHistogram>
      <jitterHistogram nBins="4" >
        <bin index="0" start="0" width="0.001" count="10232" />
        <bin index="1" start="0.001" width="0.001" count="5" />
        <bin index="2" start="0.002" width="0.001" count="1" />
        <bin index="3" start="0.003" width="0.001" count="1" />
      </jitterHistogram>
      <packetSizeHistogram nBins="30" >
        <bin index="2" start="40" width="20" count="2" />
        <bin index="15" start="300" width="20" count="1" />
        <bin index="27" start="540" width="20" count="4772" />
        <bin index="29" start="580" width="20" count="5465" />
      </packetSizeHistogram>
      <flowInterruptionsHistogram nBins="0" >
      </flowInterruptionsHistogram>
    </Flow>
    <Flow flowId="4" timeFirstTxPacket="+1e+09ns" timeFirstRxPacket="+1.40002e+09ns" timeLastTxPacket="+1.98074e+10ns" timeLastRxPacket="+1.98232e+10ns" delaySum="+1.73015e+12ns" jitterSum="+2.60074e+08ns" lastDelay="+4.00238e+08ns" maxDelay="+4.02711e+08ns" minDelay="+0ns" txBytes="2473276" rxBytes="2451844" txPackets="4358" rxPackets="4320" lostPackets="0" timesForwarded="8640">
      <delayHistogram nBins="403" >
        <bin index="400" start="0.4" width="0.001" count="3773" />
        <bin index="401" start="0.401" width="0.001" count="337" />
        <bin index="402" start="0.402" width="0.001" count="210" />
      </delayHistogram>
      <jitterHistogram nBins="3" >
        <bin index="0" start="0" width="0.001" count="4311" />
        <bin index="1" start="0.001" width="0.001" count="7" />
        <bin index="2" start="0.002" width="0.001" count="1" />
      </jitterHistogram>
      <packetSizeHistogram nBins="30" >
        <bin index="2" start="40" width="20" count="2" />
        <bin index="20" start="400" width="20" count="1" />
        <bin index="22" start="440" width="20" count="1" />
        <bin index="27" start="540" width="20" count="1811" />
        <bin index="29" start="580" width="20" count="2505" />
      </packetSizeHistogram>
      <flowInterruptionsHistogram nBins="4" >
        <bin index="2" start="0.5" width="0.25" count="5" />
        <bin index="3" start="0.75" width="0.25" count="2" />
      </flowInterruptionsHistogram>
    </Flow>
    <Flow flowId="5" timeFirstTxPacket="+1.02002e+09ns" timeFirstRxPacket="+1.04005e+09ns" timeLastTxPacket="+1.99961e+10ns" timeLastRxPacket="+2e+10ns" delaySum="+1.18064e+12ns" jitterSum="+2.76134e+06ns" lastDelay="+2.0023e+07ns" maxDelay="+2.00273e+07ns" minDelay="+0ns" txBytes="3069616" rxBytes="3066132" txPackets="59031" rxPackets="58964" lostPackets="0" timesForwarded="117928">
      <delayHistogram nBins="21" >
        <bin index="20" start="0.02" width="0.001" count="58964" />
      </delayHistogram>
      <jitterHistogram nBins="1" >
        <bin index="0" start="0" width="0.001" count="58963" />
      </jitterHistogram>
      <packetSizeHistogram nBins="3" >
        <bin index="2" start="40" width="20" count="58964" />
      </packetSizeHistogram>
      <flowInterruptionsHistogram nBins="0" >
      </flowInterruptionsHistogram>
    </Flow>
    <Flow flowId="6" timeFirstTxPacket="+1.10002e+09ns" timeFirstRxPacket="+1.20005e+09ns" timeLastTxPacket="+1.99473e+10ns" timeLastRxPacket="+1.98471e+10ns" delaySum="+1.10275e+12ns" jitterSum="+163560ns" lastDelay="+1.00023e+08ns" maxDelay="+1.00027e+08ns" minDelay="+0ns" txBytes="579908" rxBytes="573304" txPackets="11152" rxPackets="11025" lostPackets="0" timesForwarded="22050">
      <delayHistogram nBins="101" >
        <bin index="100" start="0.1" width="0.001" count="11025" />
      </delayHistogram>
      <jitterHistogram nBins="1" >
        <bin index="0" start="0" width="0.001" count="11024" />
      </jitterHistogram>
      <packetSizeHistogram nBins="3" >
        <bin index="2" start="40" width="20" count="11025" />
      </packetSizeHistogram>
      <flowInterruptionsHistogram nBins="0" >
      </flowInterruptionsHistogram>
    </Flow>
    <Flow flowId="7" timeFirstTxPacket="+1.20002e+09ns" timeFirstRxPacket="+1.40005e+09ns" timeLastTxPacket="+1.98169e+10ns" timeLastRxPacket="+1.9833e+10ns" delaySum="+1.02132e+12ns" jitterSum="+318380ns" lastDelay="+2.00023e+08ns" maxDelay="+2.00027e+08ns" minDelay="+0ns" txBytes="266296" rxBytes="265516" txPackets="5121" rxPackets="5106" lostPackets="0" timesForwarded="10212">
      <delayHistogram nBins="201" >
        <bin index="200" start="0.2" width="0.001" count="5106" />
      </delayHistogram>
      <jitterHistogram nBins="1" >
        <bin index="0" start="0" width="0.001" count="5105" />
      </jitterHistogram>
      <packetSizeHistogram nBins="3" >
        <bin index="2" start="40" width="20" count="5106" />
      </packetSizeHistogram>
      <flowInterruptionsHistogram nBins="0" >
      </flowInterruptionsHistogram>
    </Flow>
    <Flow flowId="8" timeFirstTxPacket="+1.40002e+09ns" timeFirstRxPacket="+1.80005e+09ns" timeLastTxPacket="+1.98232e+10ns" timeLastRxPacket="+1.98073e+10ns" delaySum="+8.21247e+11ns" jitterSum="+77220ns" lastDelay="+4.00023e+08ns" maxDelay="+4.00027e+08ns" minDelay="+0ns" txBytes="112428" rxBytes="106760" txPackets="2162" rxPackets="2053" lostPackets="0" timesForwarded="4106">
      <delayHistogram nBins="401" >
        <bin index="400" start="0.4" width="0.001" count="2053" />
      </delayHistogram>
      <jitterHistogram nBins="1" >
        <bin index="0" start="0" width="0.001" count="2052" />
      </jitterHistogram>
      <packetSizeHistogram nBins="3" >
        <bin index="2" start="40" width="20" count="2053" />
      </packetSizeHistogram>
      <flowInterruptionsHistogram nBins="4" >
        <bin index="2" start="0.5" width="0.25" count="5" />
        <bin index="3" start="0.75" width="0.25" count="1" />
      </flowInterruptionsHistogram>
    </Flow>
  </FlowStats>
  <Ipv4FlowClassifier>
    <Flow flowId="1" sourceAddress="10.1.0.1" destinationAddress="10.2.0.1" protocol="6" sourcePort="49153" destinationPort="8080">
      <Dscp value="0x0" packets="118180" />
    </Flow>
    <Flow flowId="2" sourceAddress="10.1.1.1" destinationAddress="10.2.1.1" protocol="6" sourcePort="49153" destinationPort="8080">
      <Dscp value="0x0" packets="22304" />
    </Flow>
    <Flow flowId="3" sourceAddress="10.1.2.1" destinationAddress="10.2.2.1" protocol="6" sourcePort="49153" destinationPort="8080">
      <Dscp value="0x0" packets="10466" />
    </Flow>
    <Flow flowId="4" sourceAddress="10.1.3.1" destinationAddress="10.2.3.1" protocol="6" sourcePort="49153" destinationPort="8080">
      <Dscp value="0x0" packets="4358" />
    </Flow>
    <Flow flowId="5" sourceAddress="10.2.0.1" destinationAddress="10.1.0.1" protocol="6" sourcePort="8080" destinationPort="49153">
      <Dscp value="0x0" packets="59031" />
    </Flow>
    <Flow flowId="6" sourceAddress="10.2.1.1" destinationAddress="10.1.1.1" protocol="6" sourcePort="8080" destinationPort="49153">
      <Dscp value="0x0" packets="11152" />
    </Flow>
    <Flow flowId="7" sourceAddress="10.2.2.1" destinationAddress="10.1.2.1" protocol="6" sourcePort="8080" destinationPort="49153">
      <Dscp value="0x0" packets="5121" />
    </Flow>
    <Flow flowId="8" sourceAddress="10.2.3.1" destinationAddress="10.1.3.1" protocol="6" sourcePort="8080" destinationPort="49153">
      <Dscp value="0x0" packets="2162" />
    </Flow>
  </Ipv4FlowClassifier>
  <Ipv6FlowClassifier>
  </Ipv6FlowClassifier>
  <FlowProbes>
    <FlowProbe index="0">
      <FlowStats  flowId="1" packets="118180" bytes="66668884" delayFromFirstProbeSum="+0ns" >
      </FlowStats>
      <FlowStats  flowId="5" packets="58964" bytes="3066132" delayFromFirstProbeSum="+1.18064e+12ns" >
      </FlowStats>
    </FlowProbe>
    <FlowProbe index="1">
    </FlowProbe>
    <FlowProbe index="2">
      <FlowStats  flowId="2" packets="22304" bytes="12594820" delayFromFirstProbeSum="+0ns" >
      </FlowStats>
      <FlowStats  flowId="6" packets="11025" bytes="573304" delayFromFirstProbeSum="+1.10275e+12ns" >
      </FlowStats>
    </FlowProbe>
    <FlowProbe index="3">
    </FlowProbe>
    <FlowProbe index="4">
      <FlowStats  flowId="3" packets="10466" bytes="5918188" delayFromFirstProbeSum="+0ns" >
      </FlowStats>
      <FlowStats  flowId="7" packets="5106" bytes="265516" delayFromFirstProbeSum="+1.02132e+12ns" >
      </FlowStats>
    </FlowProbe>
    <FlowProbe index="5">
    </FlowProbe>
    <FlowProbe index="6">
      <FlowStats  flowId="4" packets="4358" bytes="2473276" delayFromFirstProbeSum="+0ns" >
      </FlowStats>
      <FlowStats  flowId="8" packets="2053" bytes="106760" delayFromFirstProbeSum="+8.21247e+11ns" >
      </FlowStats>
    </FlowProbe>
    <FlowProbe index="7">
    </FlowProbe>
    <FlowProbe index="8">
      <FlowStats  flowId="1" packets="118062" bytes="66602332" delayFromFirstProbeSum="+2.38616e+12ns" >
      </FlowStats>
      <FlowStats  flowId="5" packets="59031" bytes="3069616" delayFromFirstProbeSum="+0ns" >
      </FlowStats>
    </FlowProbe>
    <FlowProbe index="9">
    </FlowProbe>
    <FlowProbe index="10">
      <FlowStats  flowId="2" packets="22304" bytes="12594820" delayFromFirstProbeSum="+2.23789e+12ns" >
      </FlowStats>
      <FlowStats  flowId="6" packets="11152" bytes="579908" delayFromFirstProbeSum="+0ns" >
      </FlowStats>
    </FlowProbe>
    <FlowProbe index="11">
    </FlowProbe>
    <FlowProbe index="12">
      <FlowStats  flowId="3" packets="10240" bytes="5790724" delayFromFirstProbeSum="+2.05198e+12ns" >
      </FlowStats>
      <FlowStats  flowId="7" packets="5121" bytes="266296" delayFromFirstProbeSum="+0ns" >
      </FlowStats>
    </FlowProbe>
    <FlowProbe index="13">
    </FlowProbe>
    <FlowProbe index="14">
      <FlowStats  flowId="4" packets="4320" bytes="2451844" delayFromFirstProbeSum="+1.73015e+12ns" >
      </FlowStats>
      <FlowStats  flowId="8" packets="2162" bytes="112428" delayFromFirstProbeSum="+0ns" >
      </FlowStats>
    </FlowProbe>
    <FlowProbe index="15">
    </FlowProbe>
    <FlowProbe index="16">
      <FlowStats  flowId="1" packets="118092" bytes="66619252" delayFromFirstProbeSum="+1.19066e+12ns" >
      </FlowStats>
      <FlowStats  flowId="2" packets="22304" bytes="12594820" delayFromFirstProbeSum="+1.11774e+12ns" >
      </FlowStats>
      <FlowStats  flowId="3" packets="10466" bytes="5918188" delayFromFirstProbeSum="+1.04799e+12ns" >
      </FlowStats>
      <FlowStats  flowId="4" packets="4356" bytes="2472148" delayFromFirstProbeSum="+8.71888e+11ns" >
      </FlowStats>
      <FlowStats  flowId="5" packets="59007" bytes="3068368" delayFromFirstProbeSum="+5.91172e+11ns" >
      </FlowStats>
      <FlowStats  flowId="6" packets="11152" bytes="579908" delayFromFirstProbeSum="+5.57808e+11ns" >
      </FlowStats>
      <FlowStats  flowId="7" packets="5121" bytes="266296" delayFromFirstProbeSum="+5.12196e+11ns" >
      </FlowStats>
      <FlowStats  flowId="8" packets="2054" bytes="106812" delayFromFirstProbeSum="+4.10838e+11ns" >
      </FlowStats>
    </FlowProbe>
    <FlowProbe index="17">
    </FlowProbe>
    <FlowProbe index="18">
      <FlowStats  flowId="1" packets="118092" bytes="66619252" delayFromFirstProbeSum="+1.20029e+12ns" >
      </FlowStats>
      <FlowStats  flowId="2" packets="22304" bytes="12594820" delayFromFirstProbeSum="+1.12165e+12ns" >
      </FlowStats>
      <FlowStats  flowId="3" packets="10466" bytes="5918188" delayFromFirstProbeSum="+1.05013e+12ns" >
      </FlowStats>
      <FlowStats  flowId="4" packets="4356" bytes="2472148" delayFromFirstProbeSum="+8.73158e+11ns" >
      </FlowStats>
      <FlowStats  flowId="5" packets="59007" bytes="3068368" delayFromFirstProbeSum="+5.90325e+11ns" >
      </FlowStats>
      <FlowStats  flowId="6" packets="11152" bytes="579908" delayFromFirstProbeSum="+5.57648e+11ns" >
      </FlowStats>
      <FlowStats  flowId="7" packets="5121" bytes="266296" delayFromFirstProbeSum="+5.12122e+11ns" >
      </FlowStats>
      <FlowStats  flowId="8" packets="2054" bytes="106812" delayFromFirstProbeSum="+4.10809e+11ns" >
      </FlowStats>
    </FlowProbe>
    <FlowProbe index="19">
    </FlowProbe>
  </FlowProbes>
</FlowMonitor>
